[0.019s] Invoking command in '/home/daniel/task/task/build/cpppackage': CMAKE_PREFIX_PATH=${CMAKE_PREFIX_PATH}:/home/daniel/task/task/install/pypkg:/home/daniel/ros2_ws/install/my_py_pkg:/opt/ros/humble /usr/bin/cmake /home/daniel/task/task/cpppackage -DCMAKE_INSTALL_PREFIX=/home/daniel/task/task/install/cpppackage
[0.089s] -- The C compiler identification is GNU 11.4.0
[0.159s] -- The CXX compiler identification is GNU 11.4.0
[0.167s] -- Detecting C compiler ABI info
[0.262s] -- Detecting C compiler ABI info - done
[0.271s] -- Check for working C compiler: /usr/bin/cc - skipped
[0.272s] -- Detecting C compile features
[0.272s] -- Detecting C compile features - done
[0.276s] -- Detecting CXX compiler ABI info
[0.388s] -- Detecting CXX compiler ABI info - done
[0.398s] -- Check for working CXX compiler: /usr/bin/c++ - skipped
[0.398s] -- Detecting CXX compile features
[0.398s] -- Detecting CXX compile features - done
[0.403s] -- Found ament_cmake: 1.3.12 (/opt/ros/humble/share/ament_cmake/cmake)
[0.576s] -- Found Python3: /usr/bin/python3 (found version "3.10.12") found components: Interpreter 
[0.680s] -- Found rclcpp: 16.0.14 (/opt/ros/humble/share/rclcpp/cmake)
[0.720s] -- Found rosidl_generator_c: 3.1.7 (/opt/ros/humble/share/rosidl_generator_c/cmake)
[0.725s] -- Found rosidl_adapter: 3.1.7 (/opt/ros/humble/share/rosidl_adapter/cmake)
[0.733s] -- Found rosidl_generator_cpp: 3.1.7 (/opt/ros/humble/share/rosidl_generator_cpp/cmake)
[0.745s] -- Using all available rosidl_typesupport_c: rosidl_typesupport_fastrtps_c;rosidl_typesupport_introspection_c
[0.760s] -- Using all available rosidl_typesupport_cpp: rosidl_typesupport_fastrtps_cpp;rosidl_typesupport_introspection_cpp
[0.802s] -- Found rmw_implementation_cmake: 6.1.2 (/opt/ros/humble/share/rmw_implementation_cmake/cmake)
[0.804s] -- Found rmw_fastrtps_cpp: 6.2.8 (/opt/ros/humble/share/rmw_fastrtps_cpp/cmake)
[0.948s] -- Found OpenSSL: /usr/lib/x86_64-linux-gnu/libcrypto.so (found version "3.0.2")  
[0.983s] -- Found FastRTPS: /opt/ros/humble/include  
[1.031s] -- Using RMW implementation 'rmw_fastrtps_cpp' as default
[1.041s] -- Looking for pthread.h
[1.134s] -- Looking for pthread.h - found
[1.135s] -- Performing Test CMAKE_HAVE_LIBC_PTHREAD
[1.232s] -- Performing Test CMAKE_HAVE_LIBC_PTHREAD - Success
[1.233s] -- Found Threads: TRUE  
[1.285s] -- Found example_interfaces: 0.9.3 (/opt/ros/humble/share/example_interfaces/cmake)
[1.415s] -- Configuring done
[1.426s] -- Generating done
[1.432s] -- Build files have been written to: /home/daniel/task/task/build/cpppackage
[1.462s] Invoked command in '/home/daniel/task/task/build/cpppackage' returned '0': CMAKE_PREFIX_PATH=${CMAKE_PREFIX_PATH}:/home/daniel/task/task/install/pypkg:/home/daniel/ros2_ws/install/my_py_pkg:/opt/ros/humble /usr/bin/cmake /home/daniel/task/task/cpppackage -DCMAKE_INSTALL_PREFIX=/home/daniel/task/task/install/cpppackage
[1.466s] Invoking command in '/home/daniel/task/task/build/cpppackage': CMAKE_PREFIX_PATH=${CMAKE_PREFIX_PATH}:/home/daniel/task/task/install/pypkg:/home/daniel/ros2_ws/install/my_py_pkg:/opt/ros/humble /usr/bin/cmake --build /home/daniel/task/task/build/cpppackage -- -j12 -l12
[1.531s] [ 50%] [32mBuilding CXX object CMakeFiles/cppnode.dir/src/cppnode.cpp.o[0m
[8.631s] [100%] [32m[1mLinking CXX executable cppnode[0m
[9.070s] [100%] Built target cppnode
[9.084s] Invoked command in '/home/daniel/task/task/build/cpppackage' returned '0': CMAKE_PREFIX_PATH=${CMAKE_PREFIX_PATH}:/home/daniel/task/task/install/pypkg:/home/daniel/ros2_ws/install/my_py_pkg:/opt/ros/humble /usr/bin/cmake --build /home/daniel/task/task/build/cpppackage -- -j12 -l12
[9.096s] Invoking command in '/home/daniel/task/task/build/cpppackage': CMAKE_PREFIX_PATH=${CMAKE_PREFIX_PATH}:/home/daniel/task/task/install/pypkg:/home/daniel/ros2_ws/install/my_py_pkg:/opt/ros/humble /usr/bin/cmake --install /home/daniel/task/task/build/cpppackage
[9.104s] -- Install configuration: ""
[9.104s] -- Installing: /home/daniel/task/task/install/cpppackage/lib/$(PROJECT_NAME)/cppnode
[9.108s] -- Set runtime path of "/home/daniel/task/task/install/cpppackage/lib/$(PROJECT_NAME)/cppnode" to ""
[9.108s] -- Installing: /home/daniel/task/task/install/cpppackage/share/ament_index/resource_index/package_run_dependencies/cpppackage
[9.108s] -- Installing: /home/daniel/task/task/install/cpppackage/share/ament_index/resource_index/parent_prefix_path/cpppackage
[9.109s] -- Installing: /home/daniel/task/task/install/cpppackage/share/cpppackage/environment/ament_prefix_path.sh
[9.109s] -- Installing: /home/daniel/task/task/install/cpppackage/share/cpppackage/environment/ament_prefix_path.dsv
[9.109s] -- Installing: /home/daniel/task/task/install/cpppackage/share/cpppackage/environment/path.sh
[9.109s] -- Installing: /home/daniel/task/task/install/cpppackage/share/cpppackage/environment/path.dsv
[9.109s] -- Installing: /home/daniel/task/task/install/cpppackage/share/cpppackage/local_setup.bash
[9.110s] -- Installing: /home/daniel/task/task/install/cpppackage/share/cpppackage/local_setup.sh
[9.110s] -- Installing: /home/daniel/task/task/install/cpppackage/share/cpppackage/local_setup.zsh
[9.110s] -- Installing: /home/daniel/task/task/install/cpppackage/share/cpppackage/local_setup.dsv
[9.110s] -- Installing: /home/daniel/task/task/install/cpppackage/share/cpppackage/package.dsv
[9.110s] -- Installing: /home/daniel/task/task/install/cpppackage/share/ament_index/resource_index/packages/cpppackage
[9.110s] -- Installing: /home/daniel/task/task/install/cpppackage/share/cpppackage/cmake/cpppackageConfig.cmake
[9.110s] -- Installing: /home/daniel/task/task/install/cpppackage/share/cpppackage/cmake/cpppackageConfig-version.cmake
[9.110s] -- Installing: /home/daniel/task/task/install/cpppackage/share/cpppackage/package.xml
[9.113s] Invoked command in '/home/daniel/task/task/build/cpppackage' returned '0': CMAKE_PREFIX_PATH=${CMAKE_PREFIX_PATH}:/home/daniel/task/task/install/pypkg:/home/daniel/ros2_ws/install/my_py_pkg:/opt/ros/humble /usr/bin/cmake --install /home/daniel/task/task/build/cpppackage
