running egg_info
creating ../build/pypkg/pypkg.egg-info
writing ../build/pypkg/pypkg.egg-info/PKG-INFO
writing dependency_links to ../build/pypkg/pypkg.egg-info/dependency_links.txt
writing entry points to ../build/pypkg/pypkg.egg-info/entry_points.txt
writing requirements to ../build/pypkg/pypkg.egg-info/requires.txt
writing top-level names to ../build/pypkg/pypkg.egg-info/top_level.txt
writing manifest file '../build/pypkg/pypkg.egg-info/SOURCES.txt'
reading manifest file '../build/pypkg/pypkg.egg-info/SOURCES.txt'
writing manifest file '../build/pypkg/pypkg.egg-info/SOURCES.txt'
running build
running build_py
creating /home/daniel/task/task/build/pypkg/build
creating /home/daniel/task/task/build/pypkg/build/lib
creating /home/daniel/task/task/build/pypkg/build/lib/pypkg
copying pypkg/__init__.py -> /home/daniel/task/task/build/pypkg/build/lib/pypkg
running install
running install_lib
creating /home/daniel/task/task/install/pypkg/lib/python3.10/site-packages/pypkg
copying /home/daniel/task/task/build/pypkg/build/lib/pypkg/__init__.py -> /home/daniel/task/task/install/pypkg/lib/python3.10/site-packages/pypkg
byte-compiling /home/daniel/task/task/install/pypkg/lib/python3.10/site-packages/pypkg/__init__.py to __init__.cpython-310.pyc
running install_data
creating /home/daniel/task/task/install/pypkg/share/ament_index
creating /home/daniel/task/task/install/pypkg/share/ament_index/resource_index
creating /home/daniel/task/task/install/pypkg/share/ament_index/resource_index/packages
copying resource/pypkg -> /home/daniel/task/task/install/pypkg/share/ament_index/resource_index/packages
copying package.xml -> /home/daniel/task/task/install/pypkg/share/pypkg
running install_egg_info
Copying ../build/pypkg/pypkg.egg-info to /home/daniel/task/task/install/pypkg/lib/python3.10/site-packages/pypkg-0.0.0-py3.10.egg-info
running install_scripts
writing list of installed files to '/home/daniel/task/task/build/pypkg/install.log'
