[0.542s] Invoking command in '/home/daniel/task/task/pypkg': PYTHONPATH=/home/daniel/task/task/build/pypkg/prefix_override:/usr/lib/python3/dist-packages/colcon_core/task/python/colcon_distutils_commands:/home/daniel/task/task/install/pypkg/lib/python3.10/site-packages:${PYTHONPATH} /usr/bin/python3 -W ignore:setup.py install is deprecated -W ignore:easy_install command is deprecated setup.py egg_info --egg-base ../build/pypkg build --build-base /home/daniel/task/task/build/pypkg/build install --record /home/daniel/task/task/build/pypkg/install.log --single-version-externally-managed install_data
[0.734s] running egg_info
[0.735s] creating ../build/pypkg/pypkg.egg-info
[0.735s] writing ../build/pypkg/pypkg.egg-info/PKG-INFO
[0.735s] writing dependency_links to ../build/pypkg/pypkg.egg-info/dependency_links.txt
[0.735s] writing entry points to ../build/pypkg/pypkg.egg-info/entry_points.txt
[0.735s] writing requirements to ../build/pypkg/pypkg.egg-info/requires.txt
[0.736s] writing top-level names to ../build/pypkg/pypkg.egg-info/top_level.txt
[0.736s] writing manifest file '../build/pypkg/pypkg.egg-info/SOURCES.txt'
[0.737s] reading manifest file '../build/pypkg/pypkg.egg-info/SOURCES.txt'
[0.737s] writing manifest file '../build/pypkg/pypkg.egg-info/SOURCES.txt'
[0.737s] running build
[0.737s] running build_py
[0.738s] creating /home/daniel/task/task/build/pypkg/build
[0.738s] creating /home/daniel/task/task/build/pypkg/build/lib
[0.738s] creating /home/daniel/task/task/build/pypkg/build/lib/pypkg
[0.738s] copying pypkg/__init__.py -> /home/daniel/task/task/build/pypkg/build/lib/pypkg
[0.738s] running install
[0.738s] running install_lib
[0.739s] creating /home/daniel/task/task/install/pypkg/lib/python3.10/site-packages/pypkg
[0.739s] copying /home/daniel/task/task/build/pypkg/build/lib/pypkg/__init__.py -> /home/daniel/task/task/install/pypkg/lib/python3.10/site-packages/pypkg
[0.739s] byte-compiling /home/daniel/task/task/install/pypkg/lib/python3.10/site-packages/pypkg/__init__.py to __init__.cpython-310.pyc
[0.740s] running install_data
[0.740s] creating /home/daniel/task/task/install/pypkg/share/ament_index
[0.740s] creating /home/daniel/task/task/install/pypkg/share/ament_index/resource_index
[0.740s] creating /home/daniel/task/task/install/pypkg/share/ament_index/resource_index/packages
[0.740s] copying resource/pypkg -> /home/daniel/task/task/install/pypkg/share/ament_index/resource_index/packages
[0.740s] copying package.xml -> /home/daniel/task/task/install/pypkg/share/pypkg
[0.740s] running install_egg_info
[0.742s] Copying ../build/pypkg/pypkg.egg-info to /home/daniel/task/task/install/pypkg/lib/python3.10/site-packages/pypkg-0.0.0-py3.10.egg-info
[0.742s] running install_scripts
[0.761s] writing list of installed files to '/home/daniel/task/task/build/pypkg/install.log'
[0.791s] Invoked command in '/home/daniel/task/task/pypkg' returned '0': PYTHONPATH=/home/daniel/task/task/build/pypkg/prefix_override:/usr/lib/python3/dist-packages/colcon_core/task/python/colcon_distutils_commands:/home/daniel/task/task/install/pypkg/lib/python3.10/site-packages:${PYTHONPATH} /usr/bin/python3 -W ignore:setup.py install is deprecated -W ignore:easy_install command is deprecated setup.py egg_info --egg-base ../build/pypkg build --build-base /home/daniel/task/task/build/pypkg/build install --record /home/daniel/task/task/build/pypkg/install.log --single-version-externally-managed install_data
