[0.100s] DEBUG:colcon:Command line arguments: ['/usr/bin/colcon', 'build']
[0.100s] DEBUG:colcon:Parsed command line arguments: Namespace(log_base=None, log_level=None, verb_name='build', build_base='build', install_base='install', merge_install=False, symlink_install=False, test_result_base=None, continue_on_error=False, executor='parallel', parallel_workers=12, event_handlers=None, ignore_user_meta=False, metas=['./colcon.meta'], base_paths=['.'], packages_ignore=None, packages_ignore_regex=None, paths=None, packages_up_to=None, packages_up_to_regex=None, packages_above=None, packages_above_and_dependencies=None, packages_above_depth=None, packages_select_by_dep=None, packages_skip_by_dep=None, packages_skip_up_to=None, packages_select_build_failed=False, packages_skip_build_finished=False, packages_select_test_failures=False, packages_skip_test_passed=False, packages_select=None, packages_skip=None, packages_select_regex=None, packages_skip_regex=None, packages_start=None, packages_end=None, allow_overriding=[], cmake_args=None, cmake_target=None, cmake_target_skip_unavailable=False, cmake_clean_cache=False, cmake_clean_first=False, cmake_force_configure=False, ament_cmake_args=None, catkin_cmake_args=None, catkin_skip_building_tests=False, mixin_files=None, mixin=None, verb_parser=<colcon_mixin.mixin.mixin_argument.MixinArgumentDecorator object at 0x7d5c8ba55fc0>, verb_extension=<colcon_core.verb.build.BuildVerb object at 0x7d5c8ba55a50>, main=<bound method BuildVerb.main of <colcon_core.verb.build.BuildVerb object at 0x7d5c8ba55a50>>, mixin_verb=('build',))
[0.258s] Level 1:colcon.colcon_core.package_discovery:discover_packages(colcon_meta) check parameters
[0.258s] Level 1:colcon.colcon_core.package_discovery:discover_packages(recursive) check parameters
[0.258s] Level 1:colcon.colcon_core.package_discovery:discover_packages(ignore) check parameters
[0.258s] Level 1:colcon.colcon_core.package_discovery:discover_packages(path) check parameters
[0.258s] Level 1:colcon.colcon_core.package_discovery:discover_packages(colcon_meta) discover
[0.258s] Level 1:colcon.colcon_core.package_discovery:discover_packages(recursive) discover
[0.258s] INFO:colcon.colcon_core.package_discovery:Crawling recursively for packages in '/home/daniel/task/task'
[0.258s] Level 1:colcon.colcon_core.package_identification:_identify(.) by extensions ['ignore', 'ignore_ament_install']
[0.258s] Level 1:colcon.colcon_core.package_identification:_identify(.) by extension 'ignore'
[0.258s] Level 1:colcon.colcon_core.package_identification:_identify(.) by extension 'ignore_ament_install'
[0.258s] Level 1:colcon.colcon_core.package_identification:_identify(.) by extensions ['colcon_pkg']
[0.258s] Level 1:colcon.colcon_core.package_identification:_identify(.) by extension 'colcon_pkg'
[0.259s] Level 1:colcon.colcon_core.package_identification:_identify(.) by extensions ['colcon_meta']
[0.259s] Level 1:colcon.colcon_core.package_identification:_identify(.) by extension 'colcon_meta'
[0.259s] Level 1:colcon.colcon_core.package_identification:_identify(.) by extensions ['ros']
[0.259s] Level 1:colcon.colcon_core.package_identification:_identify(.) by extension 'ros'
[0.269s] Level 1:colcon.colcon_core.package_identification:_identify(.) by extensions ['cmake', 'python']
[0.269s] Level 1:colcon.colcon_core.package_identification:_identify(.) by extension 'cmake'
[0.269s] Level 1:colcon.colcon_core.package_identification:_identify(.) by extension 'python'
[0.269s] Level 1:colcon.colcon_core.package_identification:_identify(.) by extensions ['python_setup_py']
[0.269s] Level 1:colcon.colcon_core.package_identification:_identify(.) by extension 'python_setup_py'
[0.269s] Level 1:colcon.colcon_core.package_identification:_identify(build) by extensions ['ignore', 'ignore_ament_install']
[0.269s] Level 1:colcon.colcon_core.package_identification:_identify(build) by extension 'ignore'
[0.269s] Level 1:colcon.colcon_core.package_identification:_identify(build) ignored
[0.269s] Level 1:colcon.colcon_core.package_identification:_identify(cpppkg) by extensions ['ignore', 'ignore_ament_install']
[0.269s] Level 1:colcon.colcon_core.package_identification:_identify(cpppkg) by extension 'ignore'
[0.269s] Level 1:colcon.colcon_core.package_identification:_identify(cpppkg) by extension 'ignore_ament_install'
[0.269s] Level 1:colcon.colcon_core.package_identification:_identify(cpppkg) by extensions ['colcon_pkg']
[0.269s] Level 1:colcon.colcon_core.package_identification:_identify(cpppkg) by extension 'colcon_pkg'
[0.270s] Level 1:colcon.colcon_core.package_identification:_identify(cpppkg) by extensions ['colcon_meta']
[0.270s] Level 1:colcon.colcon_core.package_identification:_identify(cpppkg) by extension 'colcon_meta'
[0.270s] Level 1:colcon.colcon_core.package_identification:_identify(cpppkg) by extensions ['ros']
[0.270s] Level 1:colcon.colcon_core.package_identification:_identify(cpppkg) by extension 'ros'
[0.272s] DEBUG:colcon.colcon_core.package_identification:Package 'cpppkg' with type 'ros.ament_cmake' and name 'cpppkg'
[0.272s] Level 1:colcon.colcon_core.package_identification:_identify(install) by extensions ['ignore', 'ignore_ament_install']
[0.272s] Level 1:colcon.colcon_core.package_identification:_identify(install) by extension 'ignore'
[0.272s] Level 1:colcon.colcon_core.package_identification:_identify(install) ignored
[0.272s] Level 1:colcon.colcon_core.package_identification:_identify(log) by extensions ['ignore', 'ignore_ament_install']
[0.272s] Level 1:colcon.colcon_core.package_identification:_identify(log) by extension 'ignore'
[0.272s] Level 1:colcon.colcon_core.package_identification:_identify(log) ignored
[0.273s] Level 1:colcon.colcon_core.package_identification:_identify(pypkg) by extensions ['ignore', 'ignore_ament_install']
[0.273s] Level 1:colcon.colcon_core.package_identification:_identify(pypkg) by extension 'ignore'
[0.273s] Level 1:colcon.colcon_core.package_identification:_identify(pypkg) by extension 'ignore_ament_install'
[0.273s] Level 1:colcon.colcon_core.package_identification:_identify(pypkg) by extensions ['colcon_pkg']
[0.273s] Level 1:colcon.colcon_core.package_identification:_identify(pypkg) by extension 'colcon_pkg'
[0.273s] Level 1:colcon.colcon_core.package_identification:_identify(pypkg) by extensions ['colcon_meta']
[0.273s] Level 1:colcon.colcon_core.package_identification:_identify(pypkg) by extension 'colcon_meta'
[0.273s] Level 1:colcon.colcon_core.package_identification:_identify(pypkg) by extensions ['ros']
[0.273s] Level 1:colcon.colcon_core.package_identification:_identify(pypkg) by extension 'ros'
[0.273s] DEBUG:colcon.colcon_core.package_identification:Package 'pypkg' with type 'ros.ament_python' and name 'pypkg'
[0.273s] Level 1:colcon.colcon_core.package_discovery:discover_packages(recursive) using defaults
[0.274s] Level 1:colcon.colcon_core.package_discovery:discover_packages(ignore) discover
[0.274s] Level 1:colcon.colcon_core.package_discovery:discover_packages(ignore) using defaults
[0.274s] Level 1:colcon.colcon_core.package_discovery:discover_packages(path) discover
[0.274s] Level 1:colcon.colcon_core.package_discovery:discover_packages(path) using defaults
[0.323s] Level 1:colcon.colcon_core.package_discovery:discover_packages(prefix_path) check parameters
[0.323s] Level 1:colcon.colcon_core.package_discovery:discover_packages(prefix_path) discover
[0.325s] DEBUG:colcon.colcon_installed_package_information.package_discovery:Found 2 installed packages in /home/daniel/task/task/install
[0.325s] DEBUG:colcon.colcon_installed_package_information.package_discovery:Found 2 installed packages in /home/daniel/ros2_ws/install
[0.326s] DEBUG:colcon.colcon_installed_package_information.package_discovery:Found 271 installed packages in /opt/ros/humble
[0.328s] Level 1:colcon.colcon_core.package_discovery:discover_packages(prefix_path) using defaults
[0.361s] Level 5:colcon.colcon_core.verb:set package 'cpppkg' build argument 'cmake_args' from command line to 'None'
[0.361s] Level 5:colcon.colcon_core.verb:set package 'cpppkg' build argument 'cmake_target' from command line to 'None'
[0.361s] Level 5:colcon.colcon_core.verb:set package 'cpppkg' build argument 'cmake_target_skip_unavailable' from command line to 'False'
[0.361s] Level 5:colcon.colcon_core.verb:set package 'cpppkg' build argument 'cmake_clean_cache' from command line to 'False'
[0.361s] Level 5:colcon.colcon_core.verb:set package 'cpppkg' build argument 'cmake_clean_first' from command line to 'False'
[0.361s] Level 5:colcon.colcon_core.verb:set package 'cpppkg' build argument 'cmake_force_configure' from command line to 'False'
[0.361s] Level 5:colcon.colcon_core.verb:set package 'cpppkg' build argument 'ament_cmake_args' from command line to 'None'
[0.361s] Level 5:colcon.colcon_core.verb:set package 'cpppkg' build argument 'catkin_cmake_args' from command line to 'None'
[0.361s] Level 5:colcon.colcon_core.verb:set package 'cpppkg' build argument 'catkin_skip_building_tests' from command line to 'False'
[0.361s] DEBUG:colcon.colcon_core.verb:Building package 'cpppkg' with the following arguments: {'ament_cmake_args': None, 'build_base': '/home/daniel/task/task/build/cpppkg', 'catkin_cmake_args': None, 'catkin_skip_building_tests': False, 'cmake_args': None, 'cmake_clean_cache': False, 'cmake_clean_first': False, 'cmake_force_configure': False, 'cmake_target': None, 'cmake_target_skip_unavailable': False, 'install_base': '/home/daniel/task/task/install/cpppkg', 'merge_install': False, 'path': '/home/daniel/task/task/cpppkg', 'symlink_install': False, 'test_result_base': None}
[0.361s] Level 5:colcon.colcon_core.verb:set package 'pypkg' build argument 'cmake_args' from command line to 'None'
[0.361s] Level 5:colcon.colcon_core.verb:set package 'pypkg' build argument 'cmake_target' from command line to 'None'
[0.361s] Level 5:colcon.colcon_core.verb:set package 'pypkg' build argument 'cmake_target_skip_unavailable' from command line to 'False'
[0.361s] Level 5:colcon.colcon_core.verb:set package 'pypkg' build argument 'cmake_clean_cache' from command line to 'False'
[0.361s] Level 5:colcon.colcon_core.verb:set package 'pypkg' build argument 'cmake_clean_first' from command line to 'False'
[0.361s] Level 5:colcon.colcon_core.verb:set package 'pypkg' build argument 'cmake_force_configure' from command line to 'False'
[0.362s] Level 5:colcon.colcon_core.verb:set package 'pypkg' build argument 'ament_cmake_args' from command line to 'None'
[0.362s] Level 5:colcon.colcon_core.verb:set package 'pypkg' build argument 'catkin_cmake_args' from command line to 'None'
[0.362s] Level 5:colcon.colcon_core.verb:set package 'pypkg' build argument 'catkin_skip_building_tests' from command line to 'False'
[0.362s] DEBUG:colcon.colcon_core.verb:Building package 'pypkg' with the following arguments: {'ament_cmake_args': None, 'build_base': '/home/daniel/task/task/build/pypkg', 'catkin_cmake_args': None, 'catkin_skip_building_tests': False, 'cmake_args': None, 'cmake_clean_cache': False, 'cmake_clean_first': False, 'cmake_force_configure': False, 'cmake_target': None, 'cmake_target_skip_unavailable': False, 'install_base': '/home/daniel/task/task/install/pypkg', 'merge_install': False, 'path': '/home/daniel/task/task/pypkg', 'symlink_install': False, 'test_result_base': None}
[0.362s] INFO:colcon.colcon_core.executor:Executing jobs using 'parallel' executor
[0.363s] DEBUG:colcon.colcon_parallel_executor.executor.parallel:run_until_complete
[0.364s] INFO:colcon.colcon_ros.task.ament_cmake.build:Building ROS package in '/home/daniel/task/task/cpppkg' with build type 'ament_cmake'
[0.364s] INFO:colcon.colcon_cmake.task.cmake.build:Building CMake package in '/home/daniel/task/task/cpppkg'
[0.366s] INFO:colcon.colcon_core.plugin_system:Skipping extension 'colcon_core.shell.bat': Not used on non-Windows systems
[0.366s] INFO:colcon.colcon_core.shell:Skip shell extension 'powershell' for command environment: Not usable outside of PowerShell
[0.366s] DEBUG:colcon.colcon_core.shell:Skip shell extension 'dsv' for command environment
[0.371s] INFO:colcon.colcon_ros.task.ament_python.build:Building ROS package in '/home/daniel/task/task/pypkg' with build type 'ament_python'
[0.371s] Level 1:colcon.colcon_core.shell:create_environment_hook('pypkg', 'ament_prefix_path')
[0.371s] INFO:colcon.colcon_core.shell:Creating environment hook '/home/daniel/task/task/install/pypkg/share/pypkg/hook/ament_prefix_path.ps1'
[0.372s] INFO:colcon.colcon_core.shell:Creating environment descriptor '/home/daniel/task/task/install/pypkg/share/pypkg/hook/ament_prefix_path.dsv'
[0.373s] INFO:colcon.colcon_core.shell:Creating environment hook '/home/daniel/task/task/install/pypkg/share/pypkg/hook/ament_prefix_path.sh'
[0.374s] INFO:colcon.colcon_core.shell:Skip shell extension 'powershell' for command environment: Not usable outside of PowerShell
[0.374s] DEBUG:colcon.colcon_core.shell:Skip shell extension 'dsv' for command environment
[0.382s] DEBUG:colcon.colcon_core.event_handler.log_command:Invoking command in '/home/daniel/task/task/build/cpppkg': CMAKE_PREFIX_PATH=${CMAKE_PREFIX_PATH}:/home/daniel/task/task/install/pypkg:/home/daniel/ros2_ws/install/my_py_pkg:/opt/ros/humble /usr/bin/cmake /home/daniel/task/task/cpppkg -DCMAKE_INSTALL_PREFIX=/home/daniel/task/task/install/cpppkg
[0.656s] INFO:colcon.colcon_core.task.python.build:Building Python package in '/home/daniel/task/task/pypkg'
[0.657s] INFO:colcon.colcon_core.shell:Skip shell extension 'powershell' for command environment: Not usable outside of PowerShell
[0.657s] DEBUG:colcon.colcon_core.shell:Skip shell extension 'dsv' for command environment
[0.915s] DEBUG:colcon.colcon_core.event_handler.log_command:Invoked command in '/home/daniel/task/task/build/cpppkg' returned '0': CMAKE_PREFIX_PATH=${CMAKE_PREFIX_PATH}:/home/daniel/task/task/install/pypkg:/home/daniel/ros2_ws/install/my_py_pkg:/opt/ros/humble /usr/bin/cmake /home/daniel/task/task/cpppkg -DCMAKE_INSTALL_PREFIX=/home/daniel/task/task/install/cpppkg
[0.918s] DEBUG:colcon.colcon_core.event_handler.log_command:Invoking command in '/home/daniel/task/task/build/cpppkg': CMAKE_PREFIX_PATH=${CMAKE_PREFIX_PATH}:/home/daniel/task/task/install/pypkg:/home/daniel/ros2_ws/install/my_py_pkg:/opt/ros/humble /usr/bin/cmake --build /home/daniel/task/task/build/cpppkg -- -j12 -l12
[1.069s] DEBUG:colcon.colcon_core.event_handler.log_command:Invoking command in '/home/daniel/task/task/pypkg': PYTHONPATH=/home/daniel/task/task/build/pypkg/prefix_override:/usr/lib/python3/dist-packages/colcon_core/task/python/colcon_distutils_commands:/home/daniel/task/task/install/pypkg/lib/python3.10/site-packages:${PYTHONPATH} /usr/bin/python3 -W ignore:setup.py install is deprecated -W ignore:easy_install command is deprecated setup.py egg_info --egg-base ../build/pypkg build --build-base /home/daniel/task/task/build/pypkg/build install --record /home/daniel/task/task/build/pypkg/install.log --single-version-externally-managed install_data
[1.398s] DEBUG:colcon.colcon_core.event_handler.log_command:Invoked command in '/home/daniel/task/task/pypkg' returned '0': PYTHONPATH=/home/daniel/task/task/build/pypkg/prefix_override:/usr/lib/python3/dist-packages/colcon_core/task/python/colcon_distutils_commands:/home/daniel/task/task/install/pypkg/lib/python3.10/site-packages:${PYTHONPATH} /usr/bin/python3 -W ignore:setup.py install is deprecated -W ignore:easy_install command is deprecated setup.py egg_info --egg-base ../build/pypkg build --build-base /home/daniel/task/task/build/pypkg/build install --record /home/daniel/task/task/build/pypkg/install.log --single-version-externally-managed install_data
[1.401s] Level 1:colcon.colcon_core.environment:checking '/home/daniel/task/task/install/pypkg' for CMake module files
[1.401s] Level 1:colcon.colcon_core.environment:checking '/home/daniel/task/task/install/pypkg' for CMake config files
[1.402s] Level 1:colcon.colcon_core.environment:checking '/home/daniel/task/task/install/pypkg/lib'
[1.402s] Level 1:colcon.colcon_core.environment:checking '/home/daniel/task/task/install/pypkg/bin'
[1.402s] Level 1:colcon.colcon_core.environment:checking '/home/daniel/task/task/install/pypkg/lib/pkgconfig/pypkg.pc'
[1.403s] Level 1:colcon.colcon_core.environment:checking '/home/daniel/task/task/install/pypkg/lib/python3.10/site-packages'
[1.403s] Level 1:colcon.colcon_core.shell:create_environment_hook('pypkg', 'pythonpath')
[1.403s] INFO:colcon.colcon_core.shell:Creating environment hook '/home/daniel/task/task/install/pypkg/share/pypkg/hook/pythonpath.ps1'
[1.404s] INFO:colcon.colcon_core.shell:Creating environment descriptor '/home/daniel/task/task/install/pypkg/share/pypkg/hook/pythonpath.dsv'
[1.404s] INFO:colcon.colcon_core.shell:Creating environment hook '/home/daniel/task/task/install/pypkg/share/pypkg/hook/pythonpath.sh'
[1.404s] Level 1:colcon.colcon_core.environment:checking '/home/daniel/task/task/install/pypkg/bin'
[1.404s] Level 1:colcon.colcon_core.environment:create_environment_scripts_only(pypkg)
[1.405s] INFO:colcon.colcon_core.shell:Creating package script '/home/daniel/task/task/install/pypkg/share/pypkg/package.ps1'
[1.405s] INFO:colcon.colcon_core.shell:Creating package descriptor '/home/daniel/task/task/install/pypkg/share/pypkg/package.dsv'
[1.406s] INFO:colcon.colcon_core.shell:Creating package script '/home/daniel/task/task/install/pypkg/share/pypkg/package.sh'
[1.407s] INFO:colcon.colcon_core.shell:Creating package script '/home/daniel/task/task/install/pypkg/share/pypkg/package.bash'
[1.407s] INFO:colcon.colcon_core.shell:Creating package script '/home/daniel/task/task/install/pypkg/share/pypkg/package.zsh'
[1.408s] Level 1:colcon.colcon_core.environment:create_file_with_runtime_dependencies(/home/daniel/task/task/install/pypkg/share/colcon-core/packages/pypkg)
[4.091s] DEBUG:colcon.colcon_core.event_handler.log_command:Invoked command in '/home/daniel/task/task/build/cpppkg' returned '0': CMAKE_PREFIX_PATH=${CMAKE_PREFIX_PATH}:/home/daniel/task/task/install/pypkg:/home/daniel/ros2_ws/install/my_py_pkg:/opt/ros/humble /usr/bin/cmake --build /home/daniel/task/task/build/cpppkg -- -j12 -l12
[4.102s] DEBUG:colcon.colcon_core.event_handler.log_command:Invoking command in '/home/daniel/task/task/build/cpppkg': CMAKE_PREFIX_PATH=${CMAKE_PREFIX_PATH}:/home/daniel/task/task/install/pypkg:/home/daniel/ros2_ws/install/my_py_pkg:/opt/ros/humble /usr/bin/cmake --install /home/daniel/task/task/build/cpppkg
[4.118s] Level 1:colcon.colcon_core.environment:create_environment_scripts_only(cpppkg)
[4.118s] DEBUG:colcon.colcon_core.event_handler.log_command:Invoked command in '/home/daniel/task/task/build/cpppkg' returned '0': CMAKE_PREFIX_PATH=${CMAKE_PREFIX_PATH}:/home/daniel/task/task/install/pypkg:/home/daniel/ros2_ws/install/my_py_pkg:/opt/ros/humble /usr/bin/cmake --install /home/daniel/task/task/build/cpppkg
[4.119s] Level 1:colcon.colcon_core.environment:checking '/home/daniel/task/task/install/cpppkg' for CMake module files
[4.119s] Level 1:colcon.colcon_core.environment:checking '/home/daniel/task/task/install/cpppkg' for CMake config files
[4.119s] Level 1:colcon.colcon_core.shell:create_environment_hook('cpppkg', 'cmake_prefix_path')
[4.120s] INFO:colcon.colcon_core.shell:Creating environment hook '/home/daniel/task/task/install/cpppkg/share/cpppkg/hook/cmake_prefix_path.ps1'
[4.120s] INFO:colcon.colcon_core.shell:Creating environment descriptor '/home/daniel/task/task/install/cpppkg/share/cpppkg/hook/cmake_prefix_path.dsv'
[4.120s] INFO:colcon.colcon_core.shell:Creating environment hook '/home/daniel/task/task/install/cpppkg/share/cpppkg/hook/cmake_prefix_path.sh'
[4.121s] Level 1:colcon.colcon_core.environment:checking '/home/daniel/task/task/install/cpppkg/bin'
[4.121s] Level 1:colcon.colcon_core.environment:checking '/home/daniel/task/task/install/cpppkg/lib/pkgconfig/cpppkg.pc'
[4.121s] Level 1:colcon.colcon_core.environment:checking '/home/daniel/task/task/install/cpppkg/lib/python3.10/site-packages'
[4.121s] Level 1:colcon.colcon_core.environment:checking '/home/daniel/task/task/install/cpppkg/bin'
[4.122s] INFO:colcon.colcon_core.shell:Creating package script '/home/daniel/task/task/install/cpppkg/share/cpppkg/package.ps1'
[4.122s] INFO:colcon.colcon_core.shell:Creating package descriptor '/home/daniel/task/task/install/cpppkg/share/cpppkg/package.dsv'
[4.122s] INFO:colcon.colcon_core.shell:Creating package script '/home/daniel/task/task/install/cpppkg/share/cpppkg/package.sh'
[4.123s] INFO:colcon.colcon_core.shell:Creating package script '/home/daniel/task/task/install/cpppkg/share/cpppkg/package.bash'
[4.123s] INFO:colcon.colcon_core.shell:Creating package script '/home/daniel/task/task/install/cpppkg/share/cpppkg/package.zsh'
[4.123s] Level 1:colcon.colcon_core.environment:create_file_with_runtime_dependencies(/home/daniel/task/task/install/cpppkg/share/colcon-core/packages/cpppkg)
[4.124s] Level 1:colcon.colcon_core.environment:create_environment_scripts_only(cpppkg)
[4.124s] Level 1:colcon.colcon_core.environment:checking '/home/daniel/task/task/install/cpppkg' for CMake module files
[4.124s] Level 1:colcon.colcon_core.environment:checking '/home/daniel/task/task/install/cpppkg' for CMake config files
[4.124s] Level 1:colcon.colcon_core.shell:create_environment_hook('cpppkg', 'cmake_prefix_path')
[4.125s] INFO:colcon.colcon_core.shell:Creating environment hook '/home/daniel/task/task/install/cpppkg/share/cpppkg/hook/cmake_prefix_path.ps1'
[4.125s] INFO:colcon.colcon_core.shell:Creating environment descriptor '/home/daniel/task/task/install/cpppkg/share/cpppkg/hook/cmake_prefix_path.dsv'
[4.125s] INFO:colcon.colcon_core.shell:Creating environment hook '/home/daniel/task/task/install/cpppkg/share/cpppkg/hook/cmake_prefix_path.sh'
[4.126s] Level 1:colcon.colcon_core.environment:checking '/home/daniel/task/task/install/cpppkg/bin'
[4.126s] Level 1:colcon.colcon_core.environment:checking '/home/daniel/task/task/install/cpppkg/lib/pkgconfig/cpppkg.pc'
[4.126s] Level 1:colcon.colcon_core.environment:checking '/home/daniel/task/task/install/cpppkg/lib/python3.10/site-packages'
[4.126s] Level 1:colcon.colcon_core.environment:checking '/home/daniel/task/task/install/cpppkg/bin'
[4.126s] INFO:colcon.colcon_core.shell:Creating package script '/home/daniel/task/task/install/cpppkg/share/cpppkg/package.ps1'
[4.127s] INFO:colcon.colcon_core.shell:Creating package descriptor '/home/daniel/task/task/install/cpppkg/share/cpppkg/package.dsv'
[4.127s] INFO:colcon.colcon_core.shell:Creating package script '/home/daniel/task/task/install/cpppkg/share/cpppkg/package.sh'
[4.128s] INFO:colcon.colcon_core.shell:Creating package script '/home/daniel/task/task/install/cpppkg/share/cpppkg/package.bash'
[4.128s] INFO:colcon.colcon_core.shell:Creating package script '/home/daniel/task/task/install/cpppkg/share/cpppkg/package.zsh'
[4.128s] Level 1:colcon.colcon_core.environment:create_file_with_runtime_dependencies(/home/daniel/task/task/install/cpppkg/share/colcon-core/packages/cpppkg)
[4.128s] DEBUG:colcon.colcon_parallel_executor.executor.parallel:closing loop
[4.129s] DEBUG:colcon.colcon_parallel_executor.executor.parallel:loop closed
[4.129s] DEBUG:colcon.colcon_parallel_executor.executor.parallel:run_until_complete finished with '0'
[4.129s] DEBUG:colcon.colcon_core.event_reactor:joining thread
[4.135s] INFO:colcon.colcon_core.plugin_system:Skipping extension 'colcon_notification.desktop_notification.terminal_notifier': Not used on non-Darwin systems
[4.135s] INFO:colcon.colcon_core.plugin_system:Skipping extension 'colcon_notification.desktop_notification.win32': Not used on non-Windows systems
[4.135s] INFO:colcon.colcon_notification.desktop_notification:Sending desktop notification using 'notify2'
[4.148s] DEBUG:colcon.colcon_core.event_reactor:joined thread
[4.148s] INFO:colcon.colcon_core.shell:Creating prefix script '/home/daniel/task/task/install/local_setup.ps1'
[4.149s] INFO:colcon.colcon_core.shell:Creating prefix util module '/home/daniel/task/task/install/_local_setup_util_ps1.py'
[4.150s] INFO:colcon.colcon_core.shell:Creating prefix chain script '/home/daniel/task/task/install/setup.ps1'
[4.151s] INFO:colcon.colcon_core.shell:Creating prefix script '/home/daniel/task/task/install/local_setup.sh'
[4.152s] INFO:colcon.colcon_core.shell:Creating prefix util module '/home/daniel/task/task/install/_local_setup_util_sh.py'
[4.153s] INFO:colcon.colcon_core.shell:Creating prefix chain script '/home/daniel/task/task/install/setup.sh'
[4.154s] INFO:colcon.colcon_core.shell:Creating prefix script '/home/daniel/task/task/install/local_setup.bash'
[4.155s] INFO:colcon.colcon_core.shell:Creating prefix chain script '/home/daniel/task/task/install/setup.bash'
[4.155s] INFO:colcon.colcon_core.shell:Creating prefix script '/home/daniel/task/task/install/local_setup.zsh'
[4.156s] INFO:colcon.colcon_core.shell:Creating prefix chain script '/home/daniel/task/task/install/setup.zsh'
