[0.024s] Invoking command in '/home/daniel/task/task/build/cpppkg': CMAKE_PREFIX_PATH=${CMAKE_PREFIX_PATH}:/home/daniel/task/task/install/pypkg:/home/daniel/ros2_ws/install/my_py_pkg:/opt/ros/humble /usr/bin/cmake /home/daniel/task/task/cpppkg -DCMAKE_INSTALL_PREFIX=/home/daniel/task/task/install/cpppkg
[0.163s] -- The C compiler identification is GNU 11.4.0
[0.271s] -- The CXX compiler identification is GNU 11.4.0
[0.284s] -- Detecting C compiler ABI info
[0.390s] -- Detecting C compiler ABI info - done
[0.397s] -- Check for working C compiler: /usr/bin/cc - skipped
[0.397s] -- Detecting C compile features
[0.398s] -- Detecting C compile features - done
[0.402s] -- Detecting CXX compiler ABI info
[0.511s] -- Detecting CXX compiler ABI info - done
[0.518s] -- Check for working CXX compiler: /usr/bin/c++ - skipped
[0.518s] -- Detecting CXX compile features
[0.519s] -- Detecting CXX compile features - done
[0.525s] -- Found ament_cmake: 1.3.12 (/opt/ros/humble/share/ament_cmake/cmake)
[0.714s] -- Found Python3: /usr/bin/python3 (found version "3.10.12") found components: Interpreter 
[0.845s] -- Found rclcpp: 16.0.14 (/opt/ros/humble/share/rclcpp/cmake)
[0.923s] -- Found rosidl_generator_c: 3.1.7 (/opt/ros/humble/share/rosidl_generator_c/cmake)
[0.932s] -- Found rosidl_adapter: 3.1.7 (/opt/ros/humble/share/rosidl_adapter/cmake)
[0.949s] -- Found rosidl_generator_cpp: 3.1.7 (/opt/ros/humble/share/rosidl_generator_cpp/cmake)
[0.967s] -- Using all available rosidl_typesupport_c: rosidl_typesupport_fastrtps_c;rosidl_typesupport_introspection_c
[0.992s] -- Using all available rosidl_typesupport_cpp: rosidl_typesupport_fastrtps_cpp;rosidl_typesupport_introspection_cpp
[1.054s] -- Found rmw_implementation_cmake: 6.1.2 (/opt/ros/humble/share/rmw_implementation_cmake/cmake)
[1.058s] -- Found rmw_fastrtps_cpp: 6.2.8 (/opt/ros/humble/share/rmw_fastrtps_cpp/cmake)
[1.206s] -- Found OpenSSL: /usr/lib/x86_64-linux-gnu/libcrypto.so (found version "3.0.2")  
[1.244s] -- Found FastRTPS: /opt/ros/humble/include  
[1.293s] -- Using RMW implementation 'rmw_fastrtps_cpp' as default
[1.304s] -- Looking for pthread.h
[1.404s] -- Looking for pthread.h - found
[1.405s] -- Performing Test CMAKE_HAVE_LIBC_PTHREAD
[1.509s] -- Performing Test CMAKE_HAVE_LIBC_PTHREAD - Success
[1.510s] -- Found Threads: TRUE  
[1.573s] -- Found ament_lint_auto: 0.12.14 (/opt/ros/humble/share/ament_lint_auto/cmake)
[1.672s] -- Added test 'cppcheck' to perform static code analysis on C / C++ code
[1.672s] -- Configured cppcheck include dirs: 
[1.672s] -- Configured cppcheck exclude dirs and/or files: 
[1.672s] -- Added test 'lint_cmake' to check CMake code style
[1.674s] -- Added test 'uncrustify' to check C / C++ code style
[1.674s] -- Configured uncrustify additional arguments: 
[1.674s] -- Added test 'xmllint' to check XML markup files
[1.676s] -- Configuring done
[1.680s] [31mCMake Error at CMakeLists.txt:12 (add_executable):
[1.680s]   Cannot find source file:
[1.680s] 
[1.680s]     src/cppnode.cpp
[1.680s] 
[1.681s]   Tried extensions .c .C .c++ .cc .cpp .cxx .cu .mpp .m .M .mm .ixx .cppm .h
[1.681s]   .hh .h++ .hm .hpp .hxx .in .txx .f .F .for .f77 .f90 .f95 .f03 .hip .ispc
[1.681s] 
[1.681s] [0m
[1.681s] [31mCMake Error at CMakeLists.txt:12 (add_executable):
[1.681s]   No SOURCES given to target: cppnode
[1.682s] 
[1.682s] [0m
[1.682s] [0mCMake Generate step failed.  Build files cannot be regenerated correctly.[0m
[1.696s] Invoked command in '/home/daniel/task/task/build/cpppkg' returned '1': CMAKE_PREFIX_PATH=${CMAKE_PREFIX_PATH}:/home/daniel/task/task/install/pypkg:/home/daniel/ros2_ws/install/my_py_pkg:/opt/ros/humble /usr/bin/cmake /home/daniel/task/task/cpppkg -DCMAKE_INSTALL_PREFIX=/home/daniel/task/task/install/cpppkg
