[0.021s] Invoking command in '/home/daniel/task/task/build/cpppackage': CMAKE_PREFIX_PATH=${CMAKE_PREFIX_PATH}:/home/daniel/task/task/install/pypkg:/home/daniel/ros2_ws/install/my_py_pkg:/opt/ros/humble /usr/bin/cmake --build /home/daniel/task/task/build/cpppackage -- -j12 -l12
[0.052s] -- Found ament_cmake: 1.3.12 (/opt/ros/humble/share/ament_cmake/cmake)
[0.185s] -- Found rclcpp: 16.0.14 (/opt/ros/humble/share/rclcpp/cmake)
[0.211s] -- Found rosidl_generator_c: 3.1.7 (/opt/ros/humble/share/rosidl_generator_c/cmake)
[0.213s] -- Found rosidl_adapter: 3.1.7 (/opt/ros/humble/share/rosidl_adapter/cmake)
[0.219s] -- Found rosidl_generator_cpp: 3.1.7 (/opt/ros/humble/share/rosidl_generator_cpp/cmake)
[0.228s] -- Using all available rosidl_typesupport_c: rosidl_typesupport_fastrtps_c;rosidl_typesupport_introspection_c
[0.240s] -- Using all available rosidl_typesupport_cpp: rosidl_typesupport_fastrtps_cpp;rosidl_typesupport_introspection_cpp
[0.268s] -- Found rmw_implementation_cmake: 6.1.2 (/opt/ros/humble/share/rmw_implementation_cmake/cmake)
[0.269s] -- Found rmw_fastrtps_cpp: 6.2.8 (/opt/ros/humble/share/rmw_fastrtps_cpp/cmake)
[0.379s] -- Using RMW implementation 'rmw_fastrtps_cpp' as default
[0.423s] -- Found example_interfaces: 0.9.3 (/opt/ros/humble/share/example_interfaces/cmake)
[0.524s] -- Configuring done
[0.535s] -- Generating done
[0.540s] -- Build files have been written to: /home/daniel/task/task/build/cpppackage
[0.577s] [35m[1mConsolidate compiler generated dependencies of target cppnode[0m
[0.602s] [100%] Built target cppnode
[0.618s] Invoked command in '/home/daniel/task/task/build/cpppackage' returned '0': CMAKE_PREFIX_PATH=${CMAKE_PREFIX_PATH}:/home/daniel/task/task/install/pypkg:/home/daniel/ros2_ws/install/my_py_pkg:/opt/ros/humble /usr/bin/cmake --build /home/daniel/task/task/build/cpppackage -- -j12 -l12
[0.633s] Invoking command in '/home/daniel/task/task/build/cpppackage': CMAKE_PREFIX_PATH=${CMAKE_PREFIX_PATH}:/home/daniel/task/task/install/pypkg:/home/daniel/ros2_ws/install/my_py_pkg:/opt/ros/humble /usr/bin/cmake --install /home/daniel/task/task/build/cpppackage
[0.642s] -- Install configuration: ""
[0.642s] -- Installing: /home/daniel/task/task/install/cpppackage/lib/cpppackage/cppnode
[0.647s] -- Set runtime path of "/home/daniel/task/task/install/cpppackage/lib/cpppackage/cppnode" to ""
[0.648s] -- Up-to-date: /home/daniel/task/task/install/cpppackage/share/ament_index/resource_index/package_run_dependencies/cpppackage
[0.648s] -- Up-to-date: /home/daniel/task/task/install/cpppackage/share/ament_index/resource_index/parent_prefix_path/cpppackage
[0.648s] -- Up-to-date: /home/daniel/task/task/install/cpppackage/share/cpppackage/environment/ament_prefix_path.sh
[0.648s] -- Installing: /home/daniel/task/task/install/cpppackage/share/cpppackage/environment/ament_prefix_path.dsv
[0.649s] -- Up-to-date: /home/daniel/task/task/install/cpppackage/share/cpppackage/environment/path.sh
[0.649s] -- Installing: /home/daniel/task/task/install/cpppackage/share/cpppackage/environment/path.dsv
[0.649s] -- Up-to-date: /home/daniel/task/task/install/cpppackage/share/cpppackage/local_setup.bash
[0.649s] -- Up-to-date: /home/daniel/task/task/install/cpppackage/share/cpppackage/local_setup.sh
[0.649s] -- Up-to-date: /home/daniel/task/task/install/cpppackage/share/cpppackage/local_setup.zsh
[0.649s] -- Installing: /home/daniel/task/task/install/cpppackage/share/cpppackage/local_setup.dsv
[0.649s] -- Installing: /home/daniel/task/task/install/cpppackage/share/cpppackage/package.dsv
[0.649s] -- Up-to-date: /home/daniel/task/task/install/cpppackage/share/ament_index/resource_index/packages/cpppackage
[0.649s] -- Up-to-date: /home/daniel/task/task/install/cpppackage/share/cpppackage/cmake/cpppackageConfig.cmake
[0.649s] -- Up-to-date: /home/daniel/task/task/install/cpppackage/share/cpppackage/cmake/cpppackageConfig-version.cmake
[0.649s] -- Up-to-date: /home/daniel/task/task/install/cpppackage/share/cpppackage/package.xml
[0.652s] Invoked command in '/home/daniel/task/task/build/cpppackage' returned '0': CMAKE_PREFIX_PATH=${CMAKE_PREFIX_PATH}:/home/daniel/task/task/install/pypkg:/home/daniel/ros2_ws/install/my_py_pkg:/opt/ros/humble /usr/bin/cmake --install /home/daniel/task/task/build/cpppackage
