running egg_info
writing ../build/pypkg/pypkg.egg-info/PKG-INFO
writing dependency_links to ../build/pypkg/pypkg.egg-info/dependency_links.txt
writing entry points to ../build/pypkg/pypkg.egg-info/entry_points.txt
writing requirements to ../build/pypkg/pypkg.egg-info/requires.txt
writing top-level names to ../build/pypkg/pypkg.egg-info/top_level.txt
reading manifest file '../build/pypkg/pypkg.egg-info/SOURCES.txt'
writing manifest file '../build/pypkg/pypkg.egg-info/SOURCES.txt'
running build
running build_py
copying pypkg/pynode.py -> /home/daniel/task/task/build/pypkg/build/lib/pypkg
running install
running install_lib
copying /home/daniel/task/task/build/pypkg/build/lib/pypkg/pynode.py -> /home/daniel/task/task/install/pypkg/lib/python3.10/site-packages/pypkg
byte-compiling /home/daniel/task/task/install/pypkg/lib/python3.10/site-packages/pypkg/pynode.py to pynode.cpython-310.pyc
running install_data
copying package.xml -> /home/daniel/task/task/install/pypkg/share/pypkg
running install_egg_info
removing '/home/daniel/task/task/install/pypkg/lib/python3.10/site-packages/pypkg-0.0.0-py3.10.egg-info' (and everything under it)
Copying ../build/pypkg/pypkg.egg-info to /home/daniel/task/task/install/pypkg/lib/python3.10/site-packages/pypkg-0.0.0-py3.10.egg-info
running install_scripts
Installing pynode script to /home/daniel/task/task/install/pypkg/lib/pypkg
writing list of installed files to '/home/daniel/task/task/build/pypkg/install.log'
