[0.628s] Invoking command in '/home/daniel/task/task/pypkg': PYTHONPATH=/home/daniel/task/task/build/pypkg/prefix_override:/usr/lib/python3/dist-packages/colcon_core/task/python/colcon_distutils_commands:/home/daniel/task/task/install/pypkg/lib/python3.10/site-packages:${PYTHONPATH} /usr/bin/python3 -W ignore:setup.py install is deprecated -W ignore:easy_install command is deprecated setup.py egg_info --egg-base ../build/pypkg build --build-base /home/daniel/task/task/build/pypkg/build install --record /home/daniel/task/task/build/pypkg/install.log --single-version-externally-managed install_data
[0.845s] running egg_info
[0.846s] writing ../build/pypkg/pypkg.egg-info/PKG-INFO
[0.847s] writing dependency_links to ../build/pypkg/pypkg.egg-info/dependency_links.txt
[0.847s] writing entry points to ../build/pypkg/pypkg.egg-info/entry_points.txt
[0.847s] writing requirements to ../build/pypkg/pypkg.egg-info/requires.txt
[0.847s] writing top-level names to ../build/pypkg/pypkg.egg-info/top_level.txt
[0.850s] reading manifest file '../build/pypkg/pypkg.egg-info/SOURCES.txt'
[0.850s] writing manifest file '../build/pypkg/pypkg.egg-info/SOURCES.txt'
[0.850s] running build
[0.850s] running build_py
[0.851s] copying pypkg/pynode.py -> /home/daniel/task/task/build/pypkg/build/lib/pypkg
[0.851s] running install
[0.851s] running install_lib
[0.852s] copying /home/daniel/task/task/build/pypkg/build/lib/pypkg/pynode.py -> /home/daniel/task/task/install/pypkg/lib/python3.10/site-packages/pypkg
[0.852s] byte-compiling /home/daniel/task/task/install/pypkg/lib/python3.10/site-packages/pypkg/pynode.py to pynode.cpython-310.pyc
[0.853s] running install_data
[0.853s] copying package.xml -> /home/daniel/task/task/install/pypkg/share/pypkg
[0.853s] running install_egg_info
[0.855s] removing '/home/daniel/task/task/install/pypkg/lib/python3.10/site-packages/pypkg-0.0.0-py3.10.egg-info' (and everything under it)
[0.855s] Copying ../build/pypkg/pypkg.egg-info to /home/daniel/task/task/install/pypkg/lib/python3.10/site-packages/pypkg-0.0.0-py3.10.egg-info
[0.856s] running install_scripts
[0.880s] Installing pynode script to /home/daniel/task/task/install/pypkg/lib/pypkg
[0.881s] writing list of installed files to '/home/daniel/task/task/build/pypkg/install.log'
[0.934s] Invoked command in '/home/daniel/task/task/pypkg' returned '0': PYTHONPATH=/home/daniel/task/task/build/pypkg/prefix_override:/usr/lib/python3/dist-packages/colcon_core/task/python/colcon_distutils_commands:/home/daniel/task/task/install/pypkg/lib/python3.10/site-packages:${PYTHONPATH} /usr/bin/python3 -W ignore:setup.py install is deprecated -W ignore:easy_install command is deprecated setup.py egg_info --egg-base ../build/pypkg build --build-base /home/daniel/task/task/build/pypkg/build install --record /home/daniel/task/task/build/pypkg/install.log --single-version-externally-managed install_data
