[0.175s] DEBUG:colcon:Command line arguments: ['/usr/bin/colcon', 'build']
[0.175s] DEBUG:colcon:Parsed command line arguments: Namespace(log_base=None, log_level=None, verb_name='build', build_base='build', install_base='install', merge_install=False, symlink_install=False, test_result_base=None, continue_on_error=False, executor='parallel', parallel_workers=12, event_handlers=None, ignore_user_meta=False, metas=['./colcon.meta'], base_paths=['.'], packages_ignore=None, packages_ignore_regex=None, paths=None, packages_up_to=None, packages_up_to_regex=None, packages_above=None, packages_above_and_dependencies=None, packages_above_depth=None, packages_select_by_dep=None, packages_skip_by_dep=None, packages_skip_up_to=None, packages_select_build_failed=False, packages_skip_build_finished=False, packages_select_test_failures=False, packages_skip_test_passed=False, packages_select=None, packages_skip=None, packages_select_regex=None, packages_skip_regex=None, packages_start=None, packages_end=None, allow_overriding=[], cmake_args=None, cmake_target=None, cmake_target_skip_unavailable=False, cmake_clean_cache=False, cmake_clean_first=False, cmake_force_configure=False, ament_cmake_args=None, catkin_cmake_args=None, catkin_skip_building_tests=False, mixin_files=None, mixin=None, verb_parser=<colcon_mixin.mixin.mixin_argument.MixinArgumentDecorator object at 0x7b1bc0a5dfc0>, verb_extension=<colcon_core.verb.build.BuildVerb object at 0x7b1bc0a5da50>, main=<bound method BuildVerb.main of <colcon_core.verb.build.BuildVerb object at 0x7b1bc0a5da50>>, mixin_verb=('build',))
[0.325s] Level 1:colcon.colcon_core.package_discovery:discover_packages(colcon_meta) check parameters
[0.325s] Level 1:colcon.colcon_core.package_discovery:discover_packages(recursive) check parameters
[0.325s] Level 1:colcon.colcon_core.package_discovery:discover_packages(ignore) check parameters
[0.325s] Level 1:colcon.colcon_core.package_discovery:discover_packages(path) check parameters
[0.325s] Level 1:colcon.colcon_core.package_discovery:discover_packages(colcon_meta) discover
[0.325s] Level 1:colcon.colcon_core.package_discovery:discover_packages(recursive) discover
[0.325s] INFO:colcon.colcon_core.package_discovery:Crawling recursively for packages in '/home/daniel/task/task'
[0.325s] Level 1:colcon.colcon_core.package_identification:_identify(.) by extensions ['ignore', 'ignore_ament_install']
[0.325s] Level 1:colcon.colcon_core.package_identification:_identify(.) by extension 'ignore'
[0.325s] Level 1:colcon.colcon_core.package_identification:_identify(.) by extension 'ignore_ament_install'
[0.325s] Level 1:colcon.colcon_core.package_identification:_identify(.) by extensions ['colcon_pkg']
[0.325s] Level 1:colcon.colcon_core.package_identification:_identify(.) by extension 'colcon_pkg'
[0.326s] Level 1:colcon.colcon_core.package_identification:_identify(.) by extensions ['colcon_meta']
[0.326s] Level 1:colcon.colcon_core.package_identification:_identify(.) by extension 'colcon_meta'
[0.326s] Level 1:colcon.colcon_core.package_identification:_identify(.) by extensions ['ros']
[0.326s] Level 1:colcon.colcon_core.package_identification:_identify(.) by extension 'ros'
[0.336s] Level 1:colcon.colcon_core.package_identification:_identify(.) by extensions ['cmake', 'python']
[0.337s] Level 1:colcon.colcon_core.package_identification:_identify(.) by extension 'cmake'
[0.337s] Level 1:colcon.colcon_core.package_identification:_identify(.) by extension 'python'
[0.337s] Level 1:colcon.colcon_core.package_identification:_identify(.) by extensions ['python_setup_py']
[0.337s] Level 1:colcon.colcon_core.package_identification:_identify(.) by extension 'python_setup_py'
[0.337s] Level 1:colcon.colcon_core.package_identification:_identify(build) by extensions ['ignore', 'ignore_ament_install']
[0.337s] Level 1:colcon.colcon_core.package_identification:_identify(build) by extension 'ignore'
[0.337s] Level 1:colcon.colcon_core.package_identification:_identify(build) ignored
[0.337s] Level 1:colcon.colcon_core.package_identification:_identify(cpppkg) by extensions ['ignore', 'ignore_ament_install']
[0.337s] Level 1:colcon.colcon_core.package_identification:_identify(cpppkg) by extension 'ignore'
[0.337s] Level 1:colcon.colcon_core.package_identification:_identify(cpppkg) by extension 'ignore_ament_install'
[0.337s] Level 1:colcon.colcon_core.package_identification:_identify(cpppkg) by extensions ['colcon_pkg']
[0.337s] Level 1:colcon.colcon_core.package_identification:_identify(cpppkg) by extension 'colcon_pkg'
[0.337s] Level 1:colcon.colcon_core.package_identification:_identify(cpppkg) by extensions ['colcon_meta']
[0.337s] Level 1:colcon.colcon_core.package_identification:_identify(cpppkg) by extension 'colcon_meta'
[0.337s] Level 1:colcon.colcon_core.package_identification:_identify(cpppkg) by extensions ['ros']
[0.337s] Level 1:colcon.colcon_core.package_identification:_identify(cpppkg) by extension 'ros'
[0.340s] DEBUG:colcon.colcon_core.package_identification:Package 'cpppkg' with type 'ros.ament_cmake' and name 'cpppkg'
[0.340s] Level 1:colcon.colcon_core.package_identification:_identify(install) by extensions ['ignore', 'ignore_ament_install']
[0.340s] Level 1:colcon.colcon_core.package_identification:_identify(install) by extension 'ignore'
[0.340s] Level 1:colcon.colcon_core.package_identification:_identify(install) ignored
[0.340s] Level 1:colcon.colcon_core.package_identification:_identify(log) by extensions ['ignore', 'ignore_ament_install']
[0.340s] Level 1:colcon.colcon_core.package_identification:_identify(log) by extension 'ignore'
[0.340s] Level 1:colcon.colcon_core.package_identification:_identify(log) ignored
[0.340s] Level 1:colcon.colcon_core.package_identification:_identify(pypkg) by extensions ['ignore', 'ignore_ament_install']
[0.340s] Level 1:colcon.colcon_core.package_identification:_identify(pypkg) by extension 'ignore'
[0.340s] Level 1:colcon.colcon_core.package_identification:_identify(pypkg) by extension 'ignore_ament_install'
[0.341s] Level 1:colcon.colcon_core.package_identification:_identify(pypkg) by extensions ['colcon_pkg']
[0.341s] Level 1:colcon.colcon_core.package_identification:_identify(pypkg) by extension 'colcon_pkg'
[0.341s] Level 1:colcon.colcon_core.package_identification:_identify(pypkg) by extensions ['colcon_meta']
[0.341s] Level 1:colcon.colcon_core.package_identification:_identify(pypkg) by extension 'colcon_meta'
[0.341s] Level 1:colcon.colcon_core.package_identification:_identify(pypkg) by extensions ['ros']
[0.341s] Level 1:colcon.colcon_core.package_identification:_identify(pypkg) by extension 'ros'
[0.343s] DEBUG:colcon.colcon_core.package_identification:Package 'pypkg' with type 'ros.ament_python' and name 'pypkg'
[0.343s] Level 1:colcon.colcon_core.package_discovery:discover_packages(recursive) using defaults
[0.343s] Level 1:colcon.colcon_core.package_discovery:discover_packages(ignore) discover
[0.343s] Level 1:colcon.colcon_core.package_discovery:discover_packages(ignore) using defaults
[0.343s] Level 1:colcon.colcon_core.package_discovery:discover_packages(path) discover
[0.343s] Level 1:colcon.colcon_core.package_discovery:discover_packages(path) using defaults
[0.385s] Level 1:colcon.colcon_core.package_discovery:discover_packages(prefix_path) check parameters
[0.385s] Level 1:colcon.colcon_core.package_discovery:discover_packages(prefix_path) discover
[0.389s] DEBUG:colcon.colcon_installed_package_information.package_discovery:Found 1 installed packages in /home/daniel/task/task/install
[0.389s] DEBUG:colcon.colcon_installed_package_information.package_discovery:Found 2 installed packages in /home/daniel/ros2_ws/install
[0.390s] DEBUG:colcon.colcon_installed_package_information.package_discovery:Found 271 installed packages in /opt/ros/humble
[0.391s] Level 1:colcon.colcon_core.package_discovery:discover_packages(prefix_path) using defaults
[0.427s] Level 5:colcon.colcon_core.verb:set package 'cpppkg' build argument 'cmake_args' from command line to 'None'
[0.427s] Level 5:colcon.colcon_core.verb:set package 'cpppkg' build argument 'cmake_target' from command line to 'None'
[0.427s] Level 5:colcon.colcon_core.verb:set package 'cpppkg' build argument 'cmake_target_skip_unavailable' from command line to 'False'
[0.427s] Level 5:colcon.colcon_core.verb:set package 'cpppkg' build argument 'cmake_clean_cache' from command line to 'False'
[0.427s] Level 5:colcon.colcon_core.verb:set package 'cpppkg' build argument 'cmake_clean_first' from command line to 'False'
[0.427s] Level 5:colcon.colcon_core.verb:set package 'cpppkg' build argument 'cmake_force_configure' from command line to 'False'
[0.427s] Level 5:colcon.colcon_core.verb:set package 'cpppkg' build argument 'ament_cmake_args' from command line to 'None'
[0.427s] Level 5:colcon.colcon_core.verb:set package 'cpppkg' build argument 'catkin_cmake_args' from command line to 'None'
[0.427s] Level 5:colcon.colcon_core.verb:set package 'cpppkg' build argument 'catkin_skip_building_tests' from command line to 'False'
[0.427s] DEBUG:colcon.colcon_core.verb:Building package 'cpppkg' with the following arguments: {'ament_cmake_args': None, 'build_base': '/home/daniel/task/task/build/cpppkg', 'catkin_cmake_args': None, 'catkin_skip_building_tests': False, 'cmake_args': None, 'cmake_clean_cache': False, 'cmake_clean_first': False, 'cmake_force_configure': False, 'cmake_target': None, 'cmake_target_skip_unavailable': False, 'install_base': '/home/daniel/task/task/install/cpppkg', 'merge_install': False, 'path': '/home/daniel/task/task/cpppkg', 'symlink_install': False, 'test_result_base': None}
[0.428s] Level 5:colcon.colcon_core.verb:set package 'pypkg' build argument 'cmake_args' from command line to 'None'
[0.428s] Level 5:colcon.colcon_core.verb:set package 'pypkg' build argument 'cmake_target' from command line to 'None'
[0.428s] Level 5:colcon.colcon_core.verb:set package 'pypkg' build argument 'cmake_target_skip_unavailable' from command line to 'False'
[0.428s] Level 5:colcon.colcon_core.verb:set package 'pypkg' build argument 'cmake_clean_cache' from command line to 'False'
[0.428s] Level 5:colcon.colcon_core.verb:set package 'pypkg' build argument 'cmake_clean_first' from command line to 'False'
[0.428s] Level 5:colcon.colcon_core.verb:set package 'pypkg' build argument 'cmake_force_configure' from command line to 'False'
[0.428s] Level 5:colcon.colcon_core.verb:set package 'pypkg' build argument 'ament_cmake_args' from command line to 'None'
[0.428s] Level 5:colcon.colcon_core.verb:set package 'pypkg' build argument 'catkin_cmake_args' from command line to 'None'
[0.428s] Level 5:colcon.colcon_core.verb:set package 'pypkg' build argument 'catkin_skip_building_tests' from command line to 'False'
[0.428s] DEBUG:colcon.colcon_core.verb:Building package 'pypkg' with the following arguments: {'ament_cmake_args': None, 'build_base': '/home/daniel/task/task/build/pypkg', 'catkin_cmake_args': None, 'catkin_skip_building_tests': False, 'cmake_args': None, 'cmake_clean_cache': False, 'cmake_clean_first': False, 'cmake_force_configure': False, 'cmake_target': None, 'cmake_target_skip_unavailable': False, 'install_base': '/home/daniel/task/task/install/pypkg', 'merge_install': False, 'path': '/home/daniel/task/task/pypkg', 'symlink_install': False, 'test_result_base': None}
[0.428s] INFO:colcon.colcon_core.executor:Executing jobs using 'parallel' executor
[0.429s] DEBUG:colcon.colcon_parallel_executor.executor.parallel:run_until_complete
[0.430s] INFO:colcon.colcon_ros.task.ament_cmake.build:Building ROS package in '/home/daniel/task/task/cpppkg' with build type 'ament_cmake'
[0.430s] INFO:colcon.colcon_cmake.task.cmake.build:Building CMake package in '/home/daniel/task/task/cpppkg'
[0.435s] INFO:colcon.colcon_core.plugin_system:Skipping extension 'colcon_core.shell.bat': Not used on non-Windows systems
[0.435s] INFO:colcon.colcon_core.shell:Skip shell extension 'powershell' for command environment: Not usable outside of PowerShell
[0.435s] DEBUG:colcon.colcon_core.shell:Skip shell extension 'dsv' for command environment
[0.442s] INFO:colcon.colcon_ros.task.ament_python.build:Building ROS package in '/home/daniel/task/task/pypkg' with build type 'ament_python'
[0.442s] Level 1:colcon.colcon_core.shell:create_environment_hook('pypkg', 'ament_prefix_path')
[0.443s] INFO:colcon.colcon_core.shell:Creating environment hook '/home/daniel/task/task/install/pypkg/share/pypkg/hook/ament_prefix_path.ps1'
[0.445s] INFO:colcon.colcon_core.shell:Creating environment descriptor '/home/daniel/task/task/install/pypkg/share/pypkg/hook/ament_prefix_path.dsv'
[0.446s] INFO:colcon.colcon_core.shell:Creating environment hook '/home/daniel/task/task/install/pypkg/share/pypkg/hook/ament_prefix_path.sh'
[0.447s] INFO:colcon.colcon_core.shell:Skip shell extension 'powershell' for command environment: Not usable outside of PowerShell
[0.447s] DEBUG:colcon.colcon_core.shell:Skip shell extension 'dsv' for command environment
[0.454s] DEBUG:colcon.colcon_core.event_handler.log_command:Invoking command in '/home/daniel/task/task/build/cpppkg': CMAKE_PREFIX_PATH=${CMAKE_PREFIX_PATH}:/home/daniel/task/task/install/pypkg:/home/daniel/ros2_ws/install/my_py_pkg:/opt/ros/humble /usr/bin/cmake /home/daniel/task/task/cpppkg -DCMAKE_INSTALL_PREFIX=/home/daniel/task/task/install/cpppkg
[0.740s] INFO:colcon.colcon_core.task.python.build:Building Python package in '/home/daniel/task/task/pypkg'
[0.741s] INFO:colcon.colcon_core.shell:Skip shell extension 'powershell' for command environment: Not usable outside of PowerShell
[0.741s] DEBUG:colcon.colcon_core.shell:Skip shell extension 'dsv' for command environment
[1.162s] DEBUG:colcon.colcon_core.event_handler.log_command:Invoking command in '/home/daniel/task/task/pypkg': PYTHONPATH=/home/daniel/task/task/build/pypkg/prefix_override:/usr/lib/python3/dist-packages/colcon_core/task/python/colcon_distutils_commands:/home/daniel/task/task/install/pypkg/lib/python3.10/site-packages:${PYTHONPATH} /usr/bin/python3 -W ignore:setup.py install is deprecated -W ignore:easy_install command is deprecated setup.py egg_info --egg-base ../build/pypkg build --build-base /home/daniel/task/task/build/pypkg/build install --record /home/daniel/task/task/build/pypkg/install.log --single-version-externally-managed install_data
[1.517s] DEBUG:colcon.colcon_core.event_handler.log_command:Invoked command in '/home/daniel/task/task/pypkg' returned '0': PYTHONPATH=/home/daniel/task/task/build/pypkg/prefix_override:/usr/lib/python3/dist-packages/colcon_core/task/python/colcon_distutils_commands:/home/daniel/task/task/install/pypkg/lib/python3.10/site-packages:${PYTHONPATH} /usr/bin/python3 -W ignore:setup.py install is deprecated -W ignore:easy_install command is deprecated setup.py egg_info --egg-base ../build/pypkg build --build-base /home/daniel/task/task/build/pypkg/build install --record /home/daniel/task/task/build/pypkg/install.log --single-version-externally-managed install_data
[1.521s] Level 1:colcon.colcon_core.environment:checking '/home/daniel/task/task/install/pypkg' for CMake module files
[1.521s] Level 1:colcon.colcon_core.environment:checking '/home/daniel/task/task/install/pypkg' for CMake config files
[1.522s] Level 1:colcon.colcon_core.environment:checking '/home/daniel/task/task/install/pypkg/lib'
[1.522s] Level 1:colcon.colcon_core.environment:checking '/home/daniel/task/task/install/pypkg/bin'
[1.522s] Level 1:colcon.colcon_core.environment:checking '/home/daniel/task/task/install/pypkg/lib/pkgconfig/pypkg.pc'
[1.522s] Level 1:colcon.colcon_core.environment:checking '/home/daniel/task/task/install/pypkg/lib/python3.10/site-packages'
[1.522s] Level 1:colcon.colcon_core.shell:create_environment_hook('pypkg', 'pythonpath')
[1.523s] INFO:colcon.colcon_core.shell:Creating environment hook '/home/daniel/task/task/install/pypkg/share/pypkg/hook/pythonpath.ps1'
[1.523s] INFO:colcon.colcon_core.shell:Creating environment descriptor '/home/daniel/task/task/install/pypkg/share/pypkg/hook/pythonpath.dsv'
[1.524s] INFO:colcon.colcon_core.shell:Creating environment hook '/home/daniel/task/task/install/pypkg/share/pypkg/hook/pythonpath.sh'
[1.524s] Level 1:colcon.colcon_core.environment:checking '/home/daniel/task/task/install/pypkg/bin'
[1.524s] Level 1:colcon.colcon_core.environment:create_environment_scripts_only(pypkg)
[1.524s] INFO:colcon.colcon_core.shell:Creating package script '/home/daniel/task/task/install/pypkg/share/pypkg/package.ps1'
[1.526s] INFO:colcon.colcon_core.shell:Creating package descriptor '/home/daniel/task/task/install/pypkg/share/pypkg/package.dsv'
[1.527s] INFO:colcon.colcon_core.shell:Creating package script '/home/daniel/task/task/install/pypkg/share/pypkg/package.sh'
[1.528s] INFO:colcon.colcon_core.shell:Creating package script '/home/daniel/task/task/install/pypkg/share/pypkg/package.bash'
[1.529s] INFO:colcon.colcon_core.shell:Creating package script '/home/daniel/task/task/install/pypkg/share/pypkg/package.zsh'
[1.529s] Level 1:colcon.colcon_core.environment:create_file_with_runtime_dependencies(/home/daniel/task/task/install/pypkg/share/colcon-core/packages/pypkg)
[2.126s] DEBUG:colcon.colcon_core.event_handler.log_command:Invoked command in '/home/daniel/task/task/build/cpppkg' returned '1': CMAKE_PREFIX_PATH=${CMAKE_PREFIX_PATH}:/home/daniel/task/task/install/pypkg:/home/daniel/ros2_ws/install/my_py_pkg:/opt/ros/humble /usr/bin/cmake /home/daniel/task/task/cpppkg -DCMAKE_INSTALL_PREFIX=/home/daniel/task/task/install/cpppkg
[2.144s] Level 1:colcon.colcon_core.environment:create_environment_scripts_only(cpppkg)
[2.145s] Level 1:colcon.colcon_core.environment:checking '/home/daniel/task/task/install/cpppkg' for CMake module files
[2.145s] Level 1:colcon.colcon_core.environment:checking '/home/daniel/task/task/install/cpppkg' for CMake config files
[2.146s] Level 1:colcon.colcon_core.environment:checking '/home/daniel/task/task/install/cpppkg/bin'
[2.146s] Level 1:colcon.colcon_core.environment:checking '/home/daniel/task/task/install/cpppkg/lib/pkgconfig/cpppkg.pc'
[2.146s] Level 1:colcon.colcon_core.environment:checking '/home/daniel/task/task/install/cpppkg/lib/python3.10/site-packages'
[2.147s] Level 1:colcon.colcon_core.environment:checking '/home/daniel/task/task/install/cpppkg/bin'
[2.147s] INFO:colcon.colcon_core.shell:Creating package script '/home/daniel/task/task/install/cpppkg/share/cpppkg/package.ps1'
[2.148s] INFO:colcon.colcon_core.shell:Creating package descriptor '/home/daniel/task/task/install/cpppkg/share/cpppkg/package.dsv'
[2.148s] INFO:colcon.colcon_core.shell:Creating package script '/home/daniel/task/task/install/cpppkg/share/cpppkg/package.sh'
[2.148s] INFO:colcon.colcon_core.shell:Creating package script '/home/daniel/task/task/install/cpppkg/share/cpppkg/package.bash'
[2.148s] INFO:colcon.colcon_core.shell:Creating package script '/home/daniel/task/task/install/cpppkg/share/cpppkg/package.zsh'
[2.149s] Level 1:colcon.colcon_core.environment:create_file_with_runtime_dependencies(/home/daniel/task/task/install/cpppkg/share/colcon-core/packages/cpppkg)
[2.159s] DEBUG:colcon.colcon_parallel_executor.executor.parallel:closing loop
[2.160s] DEBUG:colcon.colcon_parallel_executor.executor.parallel:loop closed
[2.160s] DEBUG:colcon.colcon_parallel_executor.executor.parallel:run_until_complete finished with '1'
[2.160s] DEBUG:colcon.colcon_core.event_reactor:joining thread
[2.168s] INFO:colcon.colcon_core.plugin_system:Skipping extension 'colcon_notification.desktop_notification.terminal_notifier': Not used on non-Darwin systems
[2.169s] INFO:colcon.colcon_core.plugin_system:Skipping extension 'colcon_notification.desktop_notification.win32': Not used on non-Windows systems
[2.169s] INFO:colcon.colcon_notification.desktop_notification:Sending desktop notification using 'notify2'
[2.192s] DEBUG:colcon.colcon_core.event_reactor:joined thread
[2.193s] INFO:colcon.colcon_core.shell:Creating prefix script '/home/daniel/task/task/install/local_setup.ps1'
[2.194s] INFO:colcon.colcon_core.shell:Creating prefix util module '/home/daniel/task/task/install/_local_setup_util_ps1.py'
[2.196s] INFO:colcon.colcon_core.shell:Creating prefix chain script '/home/daniel/task/task/install/setup.ps1'
[2.199s] INFO:colcon.colcon_core.shell:Creating prefix script '/home/daniel/task/task/install/local_setup.sh'
[2.201s] INFO:colcon.colcon_core.shell:Creating prefix util module '/home/daniel/task/task/install/_local_setup_util_sh.py'
[2.203s] INFO:colcon.colcon_core.shell:Creating prefix chain script '/home/daniel/task/task/install/setup.sh'
[2.205s] INFO:colcon.colcon_core.shell:Creating prefix script '/home/daniel/task/task/install/local_setup.bash'
[2.206s] INFO:colcon.colcon_core.shell:Creating prefix chain script '/home/daniel/task/task/install/setup.bash'
[2.207s] INFO:colcon.colcon_core.shell:Creating prefix script '/home/daniel/task/task/install/local_setup.zsh'
[2.208s] INFO:colcon.colcon_core.shell:Creating prefix chain script '/home/daniel/task/task/install/setup.zsh'
