-- Found ament_cmake: 1.3.12 (/opt/ros/humble/share/ament_cmake/cmake)
-- Found rclcpp: 16.0.14 (/opt/ros/humble/share/rclcpp/cmake)
-- Found rosidl_generator_c: 3.1.7 (/opt/ros/humble/share/rosidl_generator_c/cmake)
-- Found rosidl_adapter: 3.1.7 (/opt/ros/humble/share/rosidl_adapter/cmake)
-- Found rosidl_generator_cpp: 3.1.7 (/opt/ros/humble/share/rosidl_generator_cpp/cmake)
-- Using all available rosidl_typesupport_c: rosidl_typesupport_fastrtps_c;rosidl_typesupport_introspection_c
-- Using all available rosidl_typesupport_cpp: rosidl_typesupport_fastrtps_cpp;rosidl_typesupport_introspection_cpp
-- Found rmw_implementation_cmake: 6.1.2 (/opt/ros/humble/share/rmw_implementation_cmake/cmake)
-- Found rmw_fastrtps_cpp: 6.2.8 (/opt/ros/humble/share/rmw_fastrtps_cpp/cmake)
-- Using RMW implementation 'rmw_fastrtps_cpp' as default
-- Found ament_lint_auto: 0.12.14 (/opt/ros/humble/share/ament_lint_auto/cmake)
-- Added test 'cppcheck' to perform static code analysis on C / C++ code
-- Configured cppcheck include dirs: 
-- Configured cppcheck exclude dirs and/or files: 
-- Added test 'lint_cmake' to check CMake code style
-- Added test 'uncrustify' to check C / C++ code style
-- Configured uncrustify additional arguments: 
-- Added test 'xmllint' to check XML markup files
-- Configuring done
-- Generating done
-- Build files have been written to: /home/daniel/task/task/build/cpppkg
[ 50%] [32mBuilding CXX object CMakeFiles/cppnode.dir/src/cppnode.cpp.o[0m
[100%] [32m[1mLinking CXX executable cppnode[0m
[100%] Built target cppnode
-- Install configuration: ""
-- Installing: /home/daniel/task/task/install/cpppkg/share/ament_index/resource_index/package_run_dependencies/cpppkg
-- Installing: /home/daniel/task/task/install/cpppkg/share/ament_index/resource_index/parent_prefix_path/cpppkg
-- Installing: /home/daniel/task/task/install/cpppkg/share/cpppkg/environment/ament_prefix_path.sh
-- Installing: /home/daniel/task/task/install/cpppkg/share/cpppkg/environment/ament_prefix_path.dsv
-- Installing: /home/daniel/task/task/install/cpppkg/share/cpppkg/environment/path.sh
-- Installing: /home/daniel/task/task/install/cpppkg/share/cpppkg/environment/path.dsv
-- Installing: /home/daniel/task/task/install/cpppkg/share/cpppkg/local_setup.bash
-- Installing: /home/daniel/task/task/install/cpppkg/share/cpppkg/local_setup.sh
-- Installing: /home/daniel/task/task/install/cpppkg/share/cpppkg/local_setup.zsh
-- Installing: /home/daniel/task/task/install/cpppkg/share/cpppkg/local_setup.dsv
-- Installing: /home/daniel/task/task/install/cpppkg/share/cpppkg/package.dsv
-- Installing: /home/daniel/task/task/install/cpppkg/share/ament_index/resource_index/packages/cpppkg
-- Installing: /home/daniel/task/task/install/cpppkg/share/cpppkg/cmake/cpppkgConfig.cmake
-- Installing: /home/daniel/task/task/install/cpppkg/share/cpppkg/cmake/cpppkgConfig-version.cmake
-- Installing: /home/daniel/task/task/install/cpppkg/share/cpppkg/package.xml
